<?xml version="1.0" encoding="UTF-8"?>
<robot generator="Robot 3.1.2 (Python 3.8.2 on win32)" generated="20200326 22:52:55.394" rpa="false">
<suite id="s1" name="Login Form" source="c:\qaninja\robot\web\tests\login_form.robot">
<test id="s1-t1" name="Login com sucesso">
<kw name="Nova sessão" library="base" type="setup">
<kw name="Open Browser" library="SeleniumLibrary">
<doc>Opens a new browser instance to the optional ``url``.</doc>
<arguments>
<arg>${url}</arg>
<arg>chrome</arg>
</arguments>
<msg timestamp="20200326 22:52:55.910" level="INFO">Opening browser 'chrome' to base url 'https://training-wheels-protocol.herokuapp.com'.</msg>
<status status="PASS" starttime="20200326 22:52:55.910" endtime="20200326 22:53:01.850"></status>
</kw>
<status status="PASS" starttime="20200326 22:52:55.910" endtime="20200326 22:53:01.850"></status>
</kw>
<kw name="Go To" library="SeleniumLibrary">
<doc>Navigates the current browser window to the provided ``url``.</doc>
<arguments>
<arg>${url}/login</arg>
</arguments>
<msg timestamp="20200326 22:53:01.853" level="INFO">Opening url 'https://training-wheels-protocol.herokuapp.com/login'</msg>
<status status="PASS" starttime="20200326 22:53:01.851" endtime="20200326 22:53:03.355"></status>
</kw>
<kw name="Login With">
<arguments>
<arg>stark</arg>
<arg>jarvis!</arg>
</arguments>
<kw name="Input Text" library="SeleniumLibrary">
<doc>Types the given ``text`` into the text field identified by ``locator``.</doc>
<arguments>
<arg>css:input[name=username]</arg>
<arg>${uname}</arg>
</arguments>
<msg timestamp="20200326 22:53:03.360" level="INFO">Typing text 'stark' into text field 'css:input[name=username]'.</msg>
<status status="PASS" starttime="20200326 22:53:03.358" endtime="20200326 22:53:03.603"></status>
</kw>
<kw name="Input Text" library="SeleniumLibrary">
<doc>Types the given ``text`` into the text field identified by ``locator``.</doc>
<arguments>
<arg>css:input[name=password]</arg>
<arg>${pass}</arg>
</arguments>
<msg timestamp="20200326 22:53:03.604" level="INFO">Typing text 'jarvis!' into text field 'css:input[name=password]'.</msg>
<status status="PASS" starttime="20200326 22:53:03.603" endtime="20200326 22:53:03.841"></status>
</kw>
<kw name="Click Element" library="SeleniumLibrary">
<doc>Click the element identified by ``locator``.</doc>
<arguments>
<arg>class:btn-login</arg>
</arguments>
<msg timestamp="20200326 22:53:03.842" level="INFO">Clicking element 'class:btn-login'.</msg>
<status status="PASS" starttime="20200326 22:53:03.842" endtime="20200326 22:53:04.891"></status>
</kw>
<status status="PASS" starttime="20200326 22:53:03.357" endtime="20200326 22:53:04.892"></status>
</kw>
<kw name="Should See Logged User">
<arguments>
<arg>Tony Stark</arg>
</arguments>
<kw name="Page Should Contain" library="SeleniumLibrary">
<doc>Verifies that current page contains ``text``.</doc>
<arguments>
<arg>Olá, ${full_name}. Você acessou a área logada!</arg>
</arguments>
<msg timestamp="20200326 22:53:04.944" level="INFO">Current page contains text 'Olá, Tony Stark. Você acessou a área logada!'.</msg>
<status status="PASS" starttime="20200326 22:53:04.896" endtime="20200326 22:53:04.944"></status>
</kw>
<status status="PASS" starttime="20200326 22:53:04.895" endtime="20200326 22:53:04.944"></status>
</kw>
<kw name="Encerra sessão" library="base" type="teardown">
<kw name="Capture Page Screenshot" library="SeleniumLibrary">
<doc>Takes a screenshot of the current page and embeds it into a log file.</doc>
<msg timestamp="20200326 22:53:05.362" level="INFO" html="yes">&lt;/td&gt;&lt;/tr&gt;&lt;tr&gt;&lt;td colspan="3"&gt;&lt;a href="selenium-screenshot-23.png"&gt;&lt;img src="selenium-screenshot-23.png" width="800px"&gt;&lt;/a&gt;</msg>
<status status="PASS" starttime="20200326 22:53:04.946" endtime="20200326 22:53:05.362"></status>
</kw>
<kw name="Close Browser" library="SeleniumLibrary">
<doc>Closes the current browser.</doc>
<status status="PASS" starttime="20200326 22:53:05.362" endtime="20200326 22:53:07.815"></status>
</kw>
<status status="PASS" starttime="20200326 22:53:04.945" endtime="20200326 22:53:07.815"></status>
</kw>
<status status="PASS" starttime="20200326 22:52:55.910" endtime="20200326 22:53:07.815" critical="yes"></status>
</test>
<test id="s1-t2" name="Senha inválida">
<kw name="Nova sessão" library="base" type="setup">
<kw name="Open Browser" library="SeleniumLibrary">
<doc>Opens a new browser instance to the optional ``url``.</doc>
<arguments>
<arg>${url}</arg>
<arg>chrome</arg>
</arguments>
<msg timestamp="20200326 22:53:07.815" level="INFO">Opening browser 'chrome' to base url 'https://training-wheels-protocol.herokuapp.com'.</msg>
<status status="PASS" starttime="20200326 22:53:07.815" endtime="20200326 22:53:13.923"></status>
</kw>
<status status="PASS" starttime="20200326 22:53:07.815" endtime="20200326 22:53:13.924"></status>
</kw>
<kw name="Go To" library="SeleniumLibrary">
<doc>Navigates the current browser window to the provided ``url``.</doc>
<arguments>
<arg>${url}/login</arg>
</arguments>
<msg timestamp="20200326 22:53:13.927" level="INFO">Opening url 'https://training-wheels-protocol.herokuapp.com/login'</msg>
<status status="PASS" starttime="20200326 22:53:13.926" endtime="20200326 22:53:15.184"></status>
</kw>
<kw name="Login With">
<arguments>
<arg>stark</arg>
<arg>acb123</arg>
</arguments>
<kw name="Input Text" library="SeleniumLibrary">
<doc>Types the given ``text`` into the text field identified by ``locator``.</doc>
<arguments>
<arg>css:input[name=username]</arg>
<arg>${uname}</arg>
</arguments>
<msg timestamp="20200326 22:53:15.188" level="INFO">Typing text 'stark' into text field 'css:input[name=username]'.</msg>
<status status="PASS" starttime="20200326 22:53:15.187" endtime="20200326 22:53:15.401"></status>
</kw>
<kw name="Input Text" library="SeleniumLibrary">
<doc>Types the given ``text`` into the text field identified by ``locator``.</doc>
<arguments>
<arg>css:input[name=password]</arg>
<arg>${pass}</arg>
</arguments>
<msg timestamp="20200326 22:53:15.402" level="INFO">Typing text 'acb123' into text field 'css:input[name=password]'.</msg>
<status status="PASS" starttime="20200326 22:53:15.402" endtime="20200326 22:53:15.618"></status>
</kw>
<kw name="Click Element" library="SeleniumLibrary">
<doc>Click the element identified by ``locator``.</doc>
<arguments>
<arg>class:btn-login</arg>
</arguments>
<msg timestamp="20200326 22:53:15.619" level="INFO">Clicking element 'class:btn-login'.</msg>
<status status="PASS" starttime="20200326 22:53:15.619" endtime="20200326 22:53:16.536"></status>
</kw>
<status status="PASS" starttime="20200326 22:53:15.185" endtime="20200326 22:53:16.536"></status>
</kw>
<kw name="Should Contain Login Alert">
<arguments>
<arg>Senha é invalida!</arg>
</arguments>
<kw name="Get WebElement" library="SeleniumLibrary">
<doc>Returns the first WebElement matching the given ``locator``.</doc>
<arguments>
<arg>id:flash</arg>
</arguments>
<assign>
<var>${message}</var>
</assign>
<msg timestamp="20200326 22:53:16.579" level="INFO">${message} = &lt;selenium.webdriver.remote.webelement.WebElement (session="33a871356fee15bf1ad2c7250fab9592", element="63175f41-04de-4749-a1f5-499b732c36b0")&gt;</msg>
<status status="PASS" starttime="20200326 22:53:16.542" endtime="20200326 22:53:16.580"></status>
</kw>
<kw name="Should Contain" library="BuiltIn">
<doc>Fails if ``container`` does not contain ``item`` one or more times.</doc>
<arguments>
<arg>${message.text}</arg>
<arg>${expect_message}</arg>
</arguments>
<status status="PASS" starttime="20200326 22:53:16.580" endtime="20200326 22:53:16.616"></status>
</kw>
<status status="PASS" starttime="20200326 22:53:16.541" endtime="20200326 22:53:16.616"></status>
</kw>
<kw name="Encerra sessão" library="base" type="teardown">
<kw name="Capture Page Screenshot" library="SeleniumLibrary">
<doc>Takes a screenshot of the current page and embeds it into a log file.</doc>
<msg timestamp="20200326 22:53:17.017" level="INFO" html="yes">&lt;/td&gt;&lt;/tr&gt;&lt;tr&gt;&lt;td colspan="3"&gt;&lt;a href="selenium-screenshot-24.png"&gt;&lt;img src="selenium-screenshot-24.png" width="800px"&gt;&lt;/a&gt;</msg>
<status status="PASS" starttime="20200326 22:53:16.618" endtime="20200326 22:53:17.018"></status>
</kw>
<kw name="Close Browser" library="SeleniumLibrary">
<doc>Closes the current browser.</doc>
<status status="PASS" starttime="20200326 22:53:17.019" endtime="20200326 22:53:19.417"></status>
</kw>
<status status="PASS" starttime="20200326 22:53:16.617" endtime="20200326 22:53:19.417"></status>
</kw>
<tags>
<tag>login_error</tag>
</tags>
<status status="PASS" starttime="20200326 22:53:07.815" endtime="20200326 22:53:19.417" critical="yes"></status>
</test>
<test id="s1-t3" name="Usuário não existe">
<kw name="Nova sessão" library="base" type="setup">
<kw name="Open Browser" library="SeleniumLibrary">
<doc>Opens a new browser instance to the optional ``url``.</doc>
<arguments>
<arg>${url}</arg>
<arg>chrome</arg>
</arguments>
<msg timestamp="20200326 22:53:19.417" level="INFO">Opening browser 'chrome' to base url 'https://training-wheels-protocol.herokuapp.com'.</msg>
<status status="PASS" starttime="20200326 22:53:19.417" endtime="20200326 22:53:24.798"></status>
</kw>
<status status="PASS" starttime="20200326 22:53:19.417" endtime="20200326 22:53:24.799"></status>
</kw>
<kw name="Go To" library="SeleniumLibrary">
<doc>Navigates the current browser window to the provided ``url``.</doc>
<arguments>
<arg>${url}/login</arg>
</arguments>
<msg timestamp="20200326 22:53:24.801" level="INFO">Opening url 'https://training-wheels-protocol.herokuapp.com/login'</msg>
<status status="PASS" starttime="20200326 22:53:24.800" endtime="20200326 22:53:26.080"></status>
</kw>
<kw name="Login With">
<arguments>
<arg>papito</arg>
<arg>123456</arg>
</arguments>
<kw name="Input Text" library="SeleniumLibrary">
<doc>Types the given ``text`` into the text field identified by ``locator``.</doc>
<arguments>
<arg>css:input[name=username]</arg>
<arg>${uname}</arg>
</arguments>
<msg timestamp="20200326 22:53:26.084" level="INFO">Typing text 'papito' into text field 'css:input[name=username]'.</msg>
<status status="PASS" starttime="20200326 22:53:26.083" endtime="20200326 22:53:26.328"></status>
</kw>
<kw name="Input Text" library="SeleniumLibrary">
<doc>Types the given ``text`` into the text field identified by ``locator``.</doc>
<arguments>
<arg>css:input[name=password]</arg>
<arg>${pass}</arg>
</arguments>
<msg timestamp="20200326 22:53:26.329" level="INFO">Typing text '123456' into text field 'css:input[name=password]'.</msg>
<status status="PASS" starttime="20200326 22:53:26.328" endtime="20200326 22:53:26.542"></status>
</kw>
<kw name="Click Element" library="SeleniumLibrary">
<doc>Click the element identified by ``locator``.</doc>
<arguments>
<arg>class:btn-login</arg>
</arguments>
<msg timestamp="20200326 22:53:26.543" level="INFO">Clicking element 'class:btn-login'.</msg>
<status status="PASS" starttime="20200326 22:53:26.542" endtime="20200326 22:53:27.344"></status>
</kw>
<status status="PASS" starttime="20200326 22:53:26.081" endtime="20200326 22:53:27.345"></status>
</kw>
<kw name="Should Contain Login Alert">
<arguments>
<arg>O usuário informado não está cadastrado!</arg>
</arguments>
<kw name="Get WebElement" library="SeleniumLibrary">
<doc>Returns the first WebElement matching the given ``locator``.</doc>
<arguments>
<arg>id:flash</arg>
</arguments>
<assign>
<var>${message}</var>
</assign>
<msg timestamp="20200326 22:53:27.397" level="INFO">${message} = &lt;selenium.webdriver.remote.webelement.WebElement (session="b9874423effd95ef060dae4c0ff30c2b", element="39e5a5c0-84f8-4758-9116-a1af836d00d2")&gt;</msg>
<status status="PASS" starttime="20200326 22:53:27.347" endtime="20200326 22:53:27.397"></status>
</kw>
<kw name="Should Contain" library="BuiltIn">
<doc>Fails if ``container`` does not contain ``item`` one or more times.</doc>
<arguments>
<arg>${message.text}</arg>
<arg>${expect_message}</arg>
</arguments>
<status status="PASS" starttime="20200326 22:53:27.398" endtime="20200326 22:53:27.453"></status>
</kw>
<status status="PASS" starttime="20200326 22:53:27.346" endtime="20200326 22:53:27.454"></status>
</kw>
<kw name="Encerra sessão" library="base" type="teardown">
<kw name="Capture Page Screenshot" library="SeleniumLibrary">
<doc>Takes a screenshot of the current page and embeds it into a log file.</doc>
<msg timestamp="20200326 22:53:27.840" level="INFO" html="yes">&lt;/td&gt;&lt;/tr&gt;&lt;tr&gt;&lt;td colspan="3"&gt;&lt;a href="selenium-screenshot-25.png"&gt;&lt;img src="selenium-screenshot-25.png" width="800px"&gt;&lt;/a&gt;</msg>
<status status="PASS" starttime="20200326 22:53:27.456" endtime="20200326 22:53:27.840"></status>
</kw>
<kw name="Close Browser" library="SeleniumLibrary">
<doc>Closes the current browser.</doc>
<status status="PASS" starttime="20200326 22:53:27.841" endtime="20200326 22:53:30.179"></status>
</kw>
<status status="PASS" starttime="20200326 22:53:27.455" endtime="20200326 22:53:30.179"></status>
</kw>
<tags>
<tag>login_user404</tag>
</tags>
<status status="PASS" starttime="20200326 22:53:19.417" endtime="20200326 22:53:30.179" critical="yes"></status>
</test>
<status status="PASS" starttime="20200326 22:52:55.394" endtime="20200326 22:53:30.179"></status>
</suite>
<statistics>
<total>
<stat pass="3" fail="0">Critical Tests</stat>
<stat pass="3" fail="0">All Tests</stat>
</total>
<tag>
<stat pass="1" fail="0">login_error</stat>
<stat pass="1" fail="0">login_user404</stat>
</tag>
<suite>
<stat pass="3" fail="0" id="s1" name="Login Form">Login Form</stat>
</suite>
</statistics>
<errors>
</errors>
</robot>
