<?xml version="1.0" encoding="UTF-8"?>
<robot generator="Robot 3.1.2 (Python 3.8.2 on win32)" generated="20200331 23:02:25.820" rpa="false">
<suite id="s1" name="Login Yahoo" source="c:\qaninja\estudo\web\tests\login_yahoo.robot">
<test id="s1-t1" name="Abrir página">
<kw name="Nova sessão" library="open_close" type="setup">
<kw name="Open Browser" library="SeleniumLibrary">
<doc>Opens a new browser instance to the optional ``url``.</doc>
<arguments>
<arg>${url}</arg>
<arg>chrome</arg>
</arguments>
<msg timestamp="20200331 23:02:26.459" level="INFO">Opening browser 'chrome' to base url 'http://br.mail.yahoo.com/'.</msg>
<status status="PASS" starttime="20200331 23:02:26.458" endtime="20200331 23:02:34.052"></status>
</kw>
<status status="PASS" starttime="20200331 23:02:26.458" endtime="20200331 23:02:34.053"></status>
</kw>
<kw name="Go To" library="SeleniumLibrary">
<doc>Navigates the current browser window to the provided ``url``.</doc>
<arguments>
<arg>${url}</arg>
</arguments>
<msg timestamp="20200331 23:02:34.058" level="INFO">Opening url 'http://br.mail.yahoo.com/'</msg>
<status status="PASS" starttime="20200331 23:02:34.057" endtime="20200331 23:02:36.547"></status>
</kw>
<kw name="Encerra sessão" library="open_close" type="teardown">
<kw name="Capture Page Screenshot" library="SeleniumLibrary">
<doc>Takes a screenshot of the current page and embeds it into a log file.</doc>
<msg timestamp="20200331 23:02:37.525" level="INFO" html="yes">&lt;/td&gt;&lt;/tr&gt;&lt;tr&gt;&lt;td colspan="3"&gt;&lt;a href="selenium-screenshot-2.png"&gt;&lt;img src="selenium-screenshot-2.png" width="800px"&gt;&lt;/a&gt;</msg>
<status status="PASS" starttime="20200331 23:02:36.597" endtime="20200331 23:02:37.525"></status>
</kw>
<kw name="Close Browser" library="SeleniumLibrary">
<doc>Closes the current browser.</doc>
<status status="PASS" starttime="20200331 23:02:37.525" endtime="20200331 23:02:40.253"></status>
</kw>
<status status="PASS" starttime="20200331 23:02:36.594" endtime="20200331 23:02:40.253"></status>
</kw>
<status status="PASS" starttime="20200331 23:02:26.456" endtime="20200331 23:02:40.254" critical="yes"></status>
</test>
<status status="PASS" starttime="20200331 23:02:25.825" endtime="20200331 23:02:40.258"></status>
</suite>
<statistics>
<total>
<stat pass="1" fail="0">Critical Tests</stat>
<stat pass="1" fail="0">All Tests</stat>
</total>
<tag>
</tag>
<suite>
<stat pass="1" fail="0" id="s1" name="Login Yahoo">Login Yahoo</stat>
</suite>
</statistics>
<errors>
</errors>
</robot>
